d:\course\三下\專題\okeyconsolever\okeyconsolever\debug\okeyconsolever.pch
d:\course\三下\專題\okeyconsolever\okeyconsolever\debug\vc120.pdb
d:\course\三下\專題\okeyconsolever\okeyconsolever\debug\vc120.idb
d:\course\三下\專題\okeyconsolever\okeyconsolever\debug\stdafx.obj
d:\course\三下\專題\okeyconsolever\okeyconsolever\debug\okeyconsolever.obj
d:\course\三下\專題\okeyconsolever\okeyconsolever\debug\cardstack.obj
d:\course\三下\專題\okeyconsolever\okeyconsolever\debug\game.obj
d:\course\三下\專題\okeyconsolever\okeyconsolever\debug\gamemanager.obj
d:\course\三下\專題\okeyconsolever\okeyconsolever\debug\ais.obj
d:\course\三下\專題\okeyconsolever\debug\okeyconsolever.pdb
d:\course\三下\專題\okeyconsolever\okeyconsolever\debug\okeyconsolever.tlog\cl.command.1.tlog
d:\course\三下\專題\okeyconsolever\okeyconsolever\debug\okeyconsolever.tlog\cl.read.1.tlog
d:\course\三下\專題\okeyconsolever\okeyconsolever\debug\okeyconsolever.tlog\cl.write.1.tlog
d:\course\三下\專題\okeyconsolever\okeyconsolever\debug\okeyconsolever.tlog\link-cvtres.read.1.tlog
d:\course\三下\專題\okeyconsolever\okeyconsolever\debug\okeyconsolever.tlog\link-cvtres.write.1.tlog
d:\course\三下\專題\okeyconsolever\okeyconsolever\debug\okeyconsolever.tlog\link-rc.read.1.tlog
d:\course\三下\專題\okeyconsolever\okeyconsolever\debug\okeyconsolever.tlog\link-rc.write.1.tlog
d:\course\三下\專題\okeyconsolever\okeyconsolever\debug\okeyconsolever.tlog\link.6456-cvtres.read.1.tlog
d:\course\三下\專題\okeyconsolever\okeyconsolever\debug\okeyconsolever.tlog\link.6456-cvtres.write.1.tlog
d:\course\三下\專題\okeyconsolever\okeyconsolever\debug\okeyconsolever.tlog\link.6456-rc.read.1.tlog
d:\course\三下\專題\okeyconsolever\okeyconsolever\debug\okeyconsolever.tlog\link.6456-rc.write.1.tlog
d:\course\三下\專題\okeyconsolever\okeyconsolever\debug\okeyconsolever.tlog\link.6456.read.1.tlog
d:\course\三下\專題\okeyconsolever\okeyconsolever\debug\okeyconsolever.tlog\link.6456.write.1.tlog
d:\course\三下\專題\okeyconsolever\okeyconsolever\debug\okeyconsolever.tlog\link.command.1.tlog
d:\course\三下\專題\okeyconsolever\okeyconsolever\debug\okeyconsolever.tlog\link.read.1.tlog
d:\course\三下\專題\okeyconsolever\okeyconsolever\debug\okeyconsolever.tlog\link.write.1.tlog
